c:\users\zubii\source\ooprepo\laborator08\laborator08\debug\vc142.pdb
c:\users\zubii\source\ooprepo\laborator08\laborator08\debug\vc142.idb
c:\users\zubii\source\ooprepo\laborator08\laborator08\debug\userinterface.obj
c:\users\zubii\source\ooprepo\laborator08\laborator08\debug\testshopping.obj
c:\users\zubii\source\ooprepo\laborator08\laborator08\debug\testservice.obj
c:\users\zubii\source\ooprepo\laborator08\laborator08\debug\testrunlogin.obj
c:\users\zubii\source\ooprepo\laborator08\laborator08\debug\testrepositorytemplatetxt.obj
c:\users\zubii\source\ooprepo\laborator08\laborator08\debug\testrepositorytemplatecsv.obj
c:\users\zubii\source\ooprepo\laborator08\laborator08\debug\testrepositorytemplate.obj
c:\users\zubii\source\ooprepo\laborator08\laborator08\debug\testmancare.obj
c:\users\zubii\source\ooprepo\laborator08\laborator08\debug\shopping.obj
c:\users\zubii\source\ooprepo\laborator08\laborator08\debug\mancare.obj
c:\users\zubii\source\ooprepo\laborator08\laborator08\debug\main.obj
c:\users\zubii\source\ooprepo\laborator08\laborator08\debug\login.obj
c:\users\zubii\source\ooprepo\laborator08\laborator08\debug\comanda.obj
c:\users\zubii\source\ooprepo\laborator08\debug\laborator08.pdb
c:\users\zubii\source\ooprepo\laborator08\laborator08\debug\laborator08.tlog\cl.command.1.tlog
c:\users\zubii\source\ooprepo\laborator08\laborator08\debug\laborator08.tlog\cl.read.1.tlog
c:\users\zubii\source\ooprepo\laborator08\laborator08\debug\laborator08.tlog\cl.write.1.tlog
c:\users\zubii\source\ooprepo\laborator08\laborator08\debug\laborator08.tlog\link-cvtres.read.1.tlog
c:\users\zubii\source\ooprepo\laborator08\laborator08\debug\laborator08.tlog\link-cvtres.write.1.tlog
c:\users\zubii\source\ooprepo\laborator08\laborator08\debug\laborator08.tlog\link-rc.read.1.tlog
c:\users\zubii\source\ooprepo\laborator08\laborator08\debug\laborator08.tlog\link-rc.write.1.tlog
c:\users\zubii\source\ooprepo\laborator08\laborator08\debug\laborator08.tlog\link.command.1.tlog
c:\users\zubii\source\ooprepo\laborator08\laborator08\debug\laborator08.tlog\link.read.1.tlog
c:\users\zubii\source\ooprepo\laborator08\laborator08\debug\laborator08.tlog\link.write.1.tlog
